  BankSystem.cpp
C:\Users\Aseil Al Dibane\source\repos\Bank_System_CPP_Project-master\Bank_System_CPP_Project-master\clsString.h(50,22): warning C4267: 'return': conversion from 'size_t' to 'short', possible loss of data
  (compiling source file 'BankSystem.cpp')
  
C:\Users\Aseil Al Dibane\source\repos\Bank_System_CPP_Project-master\Bank_System_CPP_Project-master\clsString.h(101,21): warning C4267: 'return': conversion from 'size_t' to 'short', possible loss of data
  (compiling source file 'BankSystem.cpp')
  
C:\Users\Aseil Al Dibane\source\repos\Bank_System_CPP_Project-master\Bank_System_CPP_Project-master\clsString.h(107,23): warning C4267: 'return': conversion from 'size_t' to 'short', possible loss of data
  (compiling source file 'BankSystem.cpp')
  
C:\Users\Aseil Al Dibane\source\repos\Bank_System_CPP_Project-master\Bank_System_CPP_Project-master\clsString.h(291,21): warning C4267: '=': conversion from 'size_t' to 'short', possible loss of data
  (compiling source file 'BankSystem.cpp')
  
C:\Users\Aseil Al Dibane\source\repos\Bank_System_CPP_Project-master\Bank_System_CPP_Project-master\clsString.h(319,21): warning C4267: '=': conversion from 'size_t' to 'short', possible loss of data
  (compiling source file 'BankSystem.cpp')
  
C:\Users\Aseil Al Dibane\source\repos\Bank_System_CPP_Project-master\Bank_System_CPP_Project-master\clsString.h(321,71): warning C4267: 'argument': conversion from 'size_t' to 'short', possible loss of data
  (compiling source file 'BankSystem.cpp')
  
C:\Users\Aseil Al Dibane\source\repos\Bank_System_CPP_Project-master\Bank_System_CPP_Project-master\clsString.h(338,26): warning C4267: '=': conversion from 'size_t' to 'short', possible loss of data
  (compiling source file 'BankSystem.cpp')
  
C:\Users\Aseil Al Dibane\source\repos\Bank_System_CPP_Project-master\Bank_System_CPP_Project-master\clsString.h(347,36): warning C4267: 'argument': conversion from 'size_t' to 'short', possible loss of data
  (compiling source file 'BankSystem.cpp')
  
C:\Users\Aseil Al Dibane\source\repos\Bank_System_CPP_Project-master\Bank_System_CPP_Project-master\clsString.h(372,44): warning C4267: 'argument': conversion from 'size_t' to 'short', possible loss of data
  (compiling source file 'BankSystem.cpp')
  
C:\Users\Aseil Al Dibane\source\repos\Bank_System_CPP_Project-master\Bank_System_CPP_Project-master\clsString.h(387,43): warning C4267: 'argument': conversion from 'size_t' to 'short', possible loss of data
  (compiling source file 'BankSystem.cpp')
  
C:\Users\Aseil Al Dibane\source\repos\Bank_System_CPP_Project-master\Bank_System_CPP_Project-master\clsString.h(412,14): warning C4267: 'initializing': conversion from 'size_t' to 'int', possible loss of data
  (compiling source file 'BankSystem.cpp')
  
C:\Users\Aseil Al Dibane\source\repos\Bank_System_CPP_Project-master\Bank_System_CPP_Project-master\clsString.h(446,26): warning C4267: '=': conversion from 'size_t' to 'short', possible loss of data
  (compiling source file 'BankSystem.cpp')
  
C:\Users\Aseil Al Dibane\source\repos\Bank_System_CPP_Project-master\Bank_System_CPP_Project-master\clsDate.h(2,32): warning C4081: expected 'newline'; found ';'
  (compiling source file 'BankSystem.cpp')
  
C:\Users\Aseil Al Dibane\source\repos\Bank_System_CPP_Project-master\Bank_System_CPP_Project-master\clsUtil.h(275,14): warning C4804: '<=': unsafe use of type 'bool' in operation
  (compiling source file 'BankSystem.cpp')
  
C:\Users\Aseil Al Dibane\source\repos\Bank_System_CPP_Project-master\Bank_System_CPP_Project-master\clsUser.h(191,9): warning C4240: nonstandard extension used: access to 'clsUser::stLoginRegisterRecord' now defined to be 'public', previously it was defined to be 'private'
  (compiling source file 'BankSystem.cpp')
      C:\Users\Aseil Al Dibane\source\repos\Bank_System_CPP_Project-master\Bank_System_CPP_Project-master\clsUser.h(24,9):
      see declaration of 'clsUser::stLoginRegisterRecord'
  
C:\Users\Aseil Al Dibane\source\repos\Bank_System_CPP_Project-master\Bank_System_CPP_Project-master\clsUser.h(77,81): warning C4244: 'argument': conversion from 'float' to 'int', possible loss of data
  (compiling source file 'BankSystem.cpp')
  
C:\Users\Aseil Al Dibane\source\repos\Bank_System_CPP_Project-master\Bank_System_CPP_Project-master\clsBankClient.h(204,9): warning C4240: nonstandard extension used: access to 'clsBankClient::stTransferLogRecord' now defined to be 'public', previously it was defined to be 'private'
  (compiling source file 'BankSystem.cpp')
      C:\Users\Aseil Al Dibane\source\repos\Bank_System_CPP_Project-master\Bank_System_CPP_Project-master\clsBankClient.h(139,9):
      see declaration of 'clsBankClient::stTransferLogRecord'
  
C:\Users\Aseil Al Dibane\source\repos\Bank_System_CPP_Project-master\Bank_System_CPP_Project-master\clsBankClient.h(435,11): warning C4244: 'argument': conversion from 'double' to 'float', possible loss of data
  (compiling source file 'BankSystem.cpp')
  
C:\Users\Aseil Al Dibane\source\repos\Bank_System_CPP_Project-master\Bank_System_CPP_Project-master\clsBankClient.h(448,12): warning C4244: 'argument': conversion from 'double' to 'float', possible loss of data
  (compiling source file 'BankSystem.cpp')
  
C:\Users\Aseil Al Dibane\source\repos\Bank_System_CPP_Project-master\Bank_System_CPP_Project-master\clsAddNewClientScreen.h(22,54): warning C4244: 'argument': conversion from 'double' to 'float', possible loss of data
  (compiling source file 'BankSystem.cpp')
  
C:\Users\Aseil Al Dibane\source\repos\Bank_System_CPP_Project-master\Bank_System_CPP_Project-master\clsUpdateClientScreen.h(22,54): warning C4244: 'argument': conversion from 'double' to 'float', possible loss of data
  (compiling source file 'BankSystem.cpp')
  
C:\Users\Aseil Al Dibane\source\repos\Bank_System_CPP_Project-master\Bank_System_CPP_Project-master\clsTotalBalancesScreen.h(82,53): warning C4244: 'argument': conversion from 'double' to 'int', possible loss of data
  (compiling source file 'BankSystem.cpp')
  
C:\Users\Aseil Al Dibane\source\repos\Bank_System_CPP_Project-master\Bank_System_CPP_Project-master\clsUpdateCurrencyScreen.h(18,17): warning C4244: 'initializing': conversion from 'double' to 'float', possible loss of data
  (compiling source file 'BankSystem.cpp')
  
C:\Users\Aseil Al Dibane\source\repos\Bank_System_CPP_Project-master\Bank_System_CPP_Project-master\clsCurrencyCalculaterScreen.h(30,16): warning C4244: 'initializing': conversion from 'double' to 'float', possible loss of data
  (compiling source file 'BankSystem.cpp')
  
C:\Users\Aseil Al Dibane\source\repos\Bank_System_CPP_Project-master\Bank_System_CPP_Project-master\BankSystem.cpp(52,26): warning C4566: character represented by universal-character-name '\u062A' cannot be represented in the current code page (1252)
C:\Users\Aseil Al Dibane\source\repos\Bank_System_CPP_Project-master\Bank_System_CPP_Project-master\BankSystem.cpp(52,26): warning C4566: character represented by universal-character-name '\u0645' cannot be represented in the current code page (1252)
C:\Users\Aseil Al Dibane\source\repos\Bank_System_CPP_Project-master\Bank_System_CPP_Project-master\BankSystem.cpp(52,26): warning C4566: character represented by universal-character-name '\u0627' cannot be represented in the current code page (1252)
C:\Users\Aseil Al Dibane\source\repos\Bank_System_CPP_Project-master\Bank_System_CPP_Project-master\BankSystem.cpp(52,26): warning C4566: character represented by universal-character-name '\u0644' cannot be represented in the current code page (1252)
C:\Users\Aseil Al Dibane\source\repos\Bank_System_CPP_Project-master\Bank_System_CPP_Project-master\BankSystem.cpp(52,26): warning C4566: character represented by universal-character-name '\u0636' cannot be represented in the current code page (1252)
C:\Users\Aseil Al Dibane\source\repos\Bank_System_CPP_Project-master\Bank_System_CPP_Project-master\BankSystem.cpp(52,26): warning C4566: character represented by universal-character-name '\u063A' cannot be represented in the current code page (1252)
C:\Users\Aseil Al Dibane\source\repos\Bank_System_CPP_Project-master\Bank_System_CPP_Project-master\BankSystem.cpp(52,26): warning C4566: character represented by universal-character-name '\u0637' cannot be represented in the current code page (1252)
C:\Users\Aseil Al Dibane\source\repos\Bank_System_CPP_Project-master\Bank_System_CPP_Project-master\BankSystem.cpp(52,26): warning C4566: character represented by universal-character-name '\u0639' cannot be represented in the current code page (1252)
C:\Users\Aseil Al Dibane\source\repos\Bank_System_CPP_Project-master\Bank_System_CPP_Project-master\BankSystem.cpp(52,26): warning C4566: character represented by universal-character-name '\u0649' cannot be represented in the current code page (1252)
C:\Users\Aseil Al Dibane\source\repos\Bank_System_CPP_Project-master\Bank_System_CPP_Project-master\BankSystem.cpp(52,26): warning C4566: character represented by universal-character-name '\u0625' cannot be represented in the current code page (1252)
C:\Users\Aseil Al Dibane\source\repos\Bank_System_CPP_Project-master\Bank_System_CPP_Project-master\BankSystem.cpp(52,26): warning C4566: character represented by universal-character-name '\u0642' cannot be represented in the current code page (1252)
C:\Users\Aseil Al Dibane\source\repos\Bank_System_CPP_Project-master\Bank_System_CPP_Project-master\BankSystem.cpp(52,26): warning C4566: character represented by universal-character-name '\u0646' cannot be represented in the current code page (1252)
C:\Users\Aseil Al Dibane\source\repos\Bank_System_CPP_Project-master\Bank_System_CPP_Project-master\BankSystem.cpp(52,26): warning C4566: character represented by universal-character-name '\u0641' cannot be represented in the current code page (1252)
C:\Users\Aseil Al Dibane\source\repos\Bank_System_CPP_Project-master\Bank_System_CPP_Project-master\BankSystem.cpp(52,26): warning C4566: character represented by universal-character-name '\u0630' cannot be represented in the current code page (1252)
C:\Users\Aseil Al Dibane\source\repos\Bank_System_CPP_Project-master\Bank_System_CPP_Project-master\BankSystem.cpp(52,26): warning C4566: character represented by universal-character-name '\u0629' cannot be represented in the current code page (1252)
C:\Users\Aseil Al Dibane\source\repos\Bank_System_CPP_Project-master\Bank_System_CPP_Project-master\clsBankClient.h(371,1): warning C4715: 'clsBankClient::save': not all control paths return a value
C:\Users\Aseil Al Dibane\source\repos\Bank_System_CPP_Project-master\Bank_System_CPP_Project-master\clsBankClient.h(451,1): warning C4715: 'clsBankClient::withdraw': not all control paths return a value
C:\Users\Aseil Al Dibane\source\repos\Bank_System_CPP_Project-master\Bank_System_CPP_Project-master\clsUser.h(380,1): warning C4715: 'clsUser::save': not all control paths return a value
  BankSystem.vcxproj -> C:\Users\Aseil Al Dibane\source\repos\Bank_System_CPP_Project-master\Bank_System_CPP_Project-master\x64\Debug\BankSystem.exe
